[debug] [2025-10-22T06:07:06.889Z] ----------------------------------------------------------------------
[debug] [2025-10-22T06:07:06.894Z] Command:       C:\Program Files\nodejs\node.exe C:\Users\Administrator\AppData\Roaming\npm\node_modules\firebase-tools\lib\bin\firebase.js init
[debug] [2025-10-22T06:07:06.895Z] CLI Version:   14.20.0
[debug] [2025-10-22T06:07:06.895Z] Platform:      win32
[debug] [2025-10-22T06:07:06.895Z] Node Version:  v22.15.0
[debug] [2025-10-22T06:07:06.896Z] Time:          Wed Oct 22 2025 11:37:06 GMT+0530 (India Standard Time)
[debug] [2025-10-22T06:07:06.896Z] ----------------------------------------------------------------------
[debug] 
[info] 
     ######## #### ########  ######## ########     ###     ######  ########
     ##        ##  ##     ## ##       ##     ##  ##   ##  ##       ##
     ######    ##  ########  ######   ########  #########  ######  ######
     ##        ##  ##    ##  ##       ##     ## ##     ##       ## ##
     ##       #### ##     ## ######## ########  ##     ##  ######  ########

You're about to initialize a Firebase project in this directory:

  D:\skillsphere

[info] 
=== Project Setup
[info] 
[info] First, let's associate this project directory with a Firebase project.
[info] You can create multiple project aliases by running firebase use --add, 
[info] 
[debug] [2025-10-22T07:41:20.525Z] > command requires scopes: ["email","openid","https://www.googleapis.com/auth/cloudplatformprojects.readonly","https://www.googleapis.com/auth/firebase","https://www.googleapis.com/auth/cloud-platform"]
[debug] [2025-10-22T07:41:20.525Z] > authorizing via signed-in user (sakshigujar04@gmail.com)
[debug] [2025-10-22T07:41:20.527Z] Checked if tokens are valid: false, expires at: 1761116813346
[debug] [2025-10-22T07:41:20.527Z] Checked if tokens are valid: false, expires at: 1761116813346
[debug] [2025-10-22T07:41:20.527Z] > refreshing access token with scopes: []
[debug] [2025-10-22T07:41:20.529Z] >>> [apiv2][query] POST https://www.googleapis.com/oauth2/v3/token [none]
[debug] [2025-10-22T07:41:20.529Z] >>> [apiv2][body] POST https://www.googleapis.com/oauth2/v3/token [omitted]
[debug] [2025-10-22T07:41:20.707Z] <<< [apiv2][status] POST https://www.googleapis.com/oauth2/v3/token 200
[debug] [2025-10-22T07:41:20.707Z] <<< [apiv2][body] POST https://www.googleapis.com/oauth2/v3/token [omitted]
[debug] [2025-10-22T07:41:20.717Z] >>> [apiv2][query] GET https://firebase.googleapis.com/v1beta1/availableProjects pageSize=100
[debug] [2025-10-22T07:41:22.655Z] <<< [apiv2][status] GET https://firebase.googleapis.com/v1beta1/availableProjects 200
[debug] [2025-10-22T07:41:22.655Z] <<< [apiv2][body] GET https://firebase.googleapis.com/v1beta1/availableProjects [omitted]
[debug] [2025-10-22T07:42:16.778Z] Checked if tokens are valid: true, expires at: 1761122479707
[debug] [2025-10-22T07:42:16.778Z] Checked if tokens are valid: true, expires at: 1761122479707
[debug] [2025-10-22T07:42:16.778Z] >>> [apiv2][query] POST https://firebase.googleapis.com/v1beta1/projects/sakshi-n8n-test:addFirebase [none]
[debug] [2025-10-22T07:42:18.796Z] <<< [apiv2][status] POST https://firebase.googleapis.com/v1beta1/projects/sakshi-n8n-test:addFirebase 200
[debug] [2025-10-22T07:42:18.796Z] <<< [apiv2][body] POST https://firebase.googleapis.com/v1beta1/projects/sakshi-n8n-test:addFirebase {"name":"operations/workflows/MDhhZjM2ZGYtOTE1Yy00OWVkLThjODQtNjRjNThkYTkxNDZk"}
[debug] [2025-10-22T07:42:18.798Z] Checked if tokens are valid: true, expires at: 1761122479707
[debug] [2025-10-22T07:42:18.799Z] Checked if tokens are valid: true, expires at: 1761122479707
[debug] [2025-10-22T07:42:18.799Z] >>> [apiv2][query] GET https://firebase.googleapis.com/v1beta1/operations/workflows/MDhhZjM2ZGYtOTE1Yy00OWVkLThjODQtNjRjNThkYTkxNDZk [none]
[debug] [2025-10-22T07:42:19.728Z] <<< [apiv2][status] GET https://firebase.googleapis.com/v1beta1/operations/workflows/MDhhZjM2ZGYtOTE1Yy00OWVkLThjODQtNjRjNThkYTkxNDZk 200
[debug] [2025-10-22T07:42:19.729Z] <<< [apiv2][body] GET https://firebase.googleapis.com/v1beta1/operations/workflows/MDhhZjM2ZGYtOTE1Yy00OWVkLThjODQtNjRjNThkYTkxNDZk {"name":"operations/workflows/MDhhZjM2ZGYtOTE1Yy00OWVkLThjODQtNjRjNThkYTkxNDZk"}
[debug] [2025-10-22T07:42:20.250Z] [Add Firebase Poller] Retrying task index 0
[debug] [2025-10-22T07:42:20.251Z] Checked if tokens are valid: true, expires at: 1761122479707
[debug] [2025-10-22T07:42:20.252Z] Checked if tokens are valid: true, expires at: 1761122479707
[debug] [2025-10-22T07:42:20.252Z] >>> [apiv2][query] GET https://firebase.googleapis.com/v1beta1/operations/workflows/MDhhZjM2ZGYtOTE1Yy00OWVkLThjODQtNjRjNThkYTkxNDZk [none]
[debug] [2025-10-22T07:42:21.260Z] <<< [apiv2][status] GET https://firebase.googleapis.com/v1beta1/operations/workflows/MDhhZjM2ZGYtOTE1Yy00OWVkLThjODQtNjRjNThkYTkxNDZk 200
[debug] [2025-10-22T07:42:21.260Z] <<< [apiv2][body] GET https://firebase.googleapis.com/v1beta1/operations/workflows/MDhhZjM2ZGYtOTE1Yy00OWVkLThjODQtNjRjNThkYTkxNDZk {"name":"operations/workflows/MDhhZjM2ZGYtOTE1Yy00OWVkLThjODQtNjRjNThkYTkxNDZk"}
[debug] [2025-10-22T07:42:22.268Z] [Add Firebase Poller] Retrying task index 0
[debug] [2025-10-22T07:42:22.270Z] Checked if tokens are valid: true, expires at: 1761122479707
[debug] [2025-10-22T07:42:22.271Z] Checked if tokens are valid: true, expires at: 1761122479707
[debug] [2025-10-22T07:42:22.272Z] >>> [apiv2][query] GET https://firebase.googleapis.com/v1beta1/operations/workflows/MDhhZjM2ZGYtOTE1Yy00OWVkLThjODQtNjRjNThkYTkxNDZk [none]
[debug] [2025-10-22T07:42:23.657Z] <<< [apiv2][status] GET https://firebase.googleapis.com/v1beta1/operations/workflows/MDhhZjM2ZGYtOTE1Yy00OWVkLThjODQtNjRjNThkYTkxNDZk 200
[debug] [2025-10-22T07:42:23.657Z] <<< [apiv2][body] GET https://firebase.googleapis.com/v1beta1/operations/workflows/MDhhZjM2ZGYtOTE1Yy00OWVkLThjODQtNjRjNThkYTkxNDZk {"name":"operations/workflows/MDhhZjM2ZGYtOTE1Yy00OWVkLThjODQtNjRjNThkYTkxNDZk"}
[debug] [2025-10-22T07:42:25.660Z] [Add Firebase Poller] Retrying task index 0
[debug] [2025-10-22T07:42:25.661Z] Checked if tokens are valid: true, expires at: 1761122479707
[debug] [2025-10-22T07:42:25.661Z] Checked if tokens are valid: true, expires at: 1761122479707
[debug] [2025-10-22T07:42:25.663Z] >>> [apiv2][query] GET https://firebase.googleapis.com/v1beta1/operations/workflows/MDhhZjM2ZGYtOTE1Yy00OWVkLThjODQtNjRjNThkYTkxNDZk [none]
[debug] [2025-10-22T07:42:26.387Z] <<< [apiv2][status] GET https://firebase.googleapis.com/v1beta1/operations/workflows/MDhhZjM2ZGYtOTE1Yy00OWVkLThjODQtNjRjNThkYTkxNDZk 200
[debug] [2025-10-22T07:42:26.388Z] <<< [apiv2][body] GET https://firebase.googleapis.com/v1beta1/operations/workflows/MDhhZjM2ZGYtOTE1Yy00OWVkLThjODQtNjRjNThkYTkxNDZk {"name":"operations/workflows/MDhhZjM2ZGYtOTE1Yy00OWVkLThjODQtNjRjNThkYTkxNDZk"}
[debug] [2025-10-22T07:42:30.401Z] [Add Firebase Poller] Retrying task index 0
[debug] [2025-10-22T07:42:30.402Z] Checked if tokens are valid: true, expires at: 1761122479707
[debug] [2025-10-22T07:42:30.403Z] Checked if tokens are valid: true, expires at: 1761122479707
[debug] [2025-10-22T07:42:30.404Z] >>> [apiv2][query] GET https://firebase.googleapis.com/v1beta1/operations/workflows/MDhhZjM2ZGYtOTE1Yy00OWVkLThjODQtNjRjNThkYTkxNDZk [none]
[debug] [2025-10-22T07:42:31.055Z] <<< [apiv2][status] GET https://firebase.googleapis.com/v1beta1/operations/workflows/MDhhZjM2ZGYtOTE1Yy00OWVkLThjODQtNjRjNThkYTkxNDZk 200
[debug] [2025-10-22T07:42:31.056Z] <<< [apiv2][body] GET https://firebase.googleapis.com/v1beta1/operations/workflows/MDhhZjM2ZGYtOTE1Yy00OWVkLThjODQtNjRjNThkYTkxNDZk {"name":"operations/workflows/MDhhZjM2ZGYtOTE1Yy00OWVkLThjODQtNjRjNThkYTkxNDZk","done":true,"response":{"@type":"type.googleapis.com/google.firebase.service.v1beta1.FirebaseProject","projectId":"sakshi-n8n-test","projectNumber":"637720610406","displayName":"Sakshi n8n test","name":"projects/sakshi-n8n-test","resources":{"hostingSite":"sakshi-n8n-test"}}}
[info] 
[info] === Your Firebase project is ready! ===
[info] 
[info] Project information:
[info]    - Project ID: sakshi-n8n-test
[info]    - Project Name: Sakshi n8n test
[info] 
[info] Firebase console is available at
[info] https://console.firebase.google.com/project/sakshi-n8n-test/overview
[info] 
=== Dataconnect Setup
[debug] [2025-10-22T07:42:31.244Z] Checked if tokens are valid: true, expires at: 1761122479707
[debug] [2025-10-22T07:42:31.244Z] Checked if tokens are valid: true, expires at: 1761122479707
[debug] [2025-10-22T07:42:31.245Z] >>> [apiv2][query] GET https://cloudbilling.googleapis.com/v1/projects/sakshi-n8n-test/billingInfo [none]
[debug] [2025-10-22T07:42:32.631Z] <<< [apiv2][status] GET https://cloudbilling.googleapis.com/v1/projects/sakshi-n8n-test/billingInfo 200
[debug] [2025-10-22T07:42:32.631Z] <<< [apiv2][body] GET https://cloudbilling.googleapis.com/v1/projects/sakshi-n8n-test/billingInfo {"name":"projects/sakshi-n8n-test/billingInfo","projectId":"sakshi-n8n-test","billingAccountName":"","billingEnabled":false}
[info] i  dataconnect: ensuring required API firebasedataconnect.googleapis.com is enabled... 
[debug] [2025-10-22T07:42:32.637Z] Checked if tokens are valid: true, expires at: 1761122479707
[debug] [2025-10-22T07:42:32.637Z] Checked if tokens are valid: true, expires at: 1761122479707
[info] i  dataconnect: ensuring required API sqladmin.googleapis.com is enabled... 
[debug] [2025-10-22T07:42:32.639Z] Checked if tokens are valid: true, expires at: 1761122479707
[debug] [2025-10-22T07:42:32.640Z] Checked if tokens are valid: true, expires at: 1761122479707
[debug] [2025-10-22T07:42:32.640Z] >>> [apiv2][query] GET https://serviceusage.googleapis.com/v1/projects/sakshi-n8n-test/services/firebasedataconnect.googleapis.com [none]
[debug] [2025-10-22T07:42:32.641Z] >>> [apiv2][(partial)header] GET https://serviceusage.googleapis.com/v1/projects/sakshi-n8n-test/services/firebasedataconnect.googleapis.com x-goog-quota-user=projects/sakshi-n8n-test
[debug] [2025-10-22T07:42:32.645Z] >>> [apiv2][query] GET https://serviceusage.googleapis.com/v1/projects/sakshi-n8n-test/services/sqladmin.googleapis.com [none]
[debug] [2025-10-22T07:42:32.646Z] >>> [apiv2][(partial)header] GET https://serviceusage.googleapis.com/v1/projects/sakshi-n8n-test/services/sqladmin.googleapis.com x-goog-quota-user=projects/sakshi-n8n-test
[debug] [2025-10-22T07:42:34.397Z] <<< [apiv2][status] GET https://serviceusage.googleapis.com/v1/projects/sakshi-n8n-test/services/sqladmin.googleapis.com 200
[debug] [2025-10-22T07:42:34.398Z] <<< [apiv2][body] GET https://serviceusage.googleapis.com/v1/projects/sakshi-n8n-test/services/sqladmin.googleapis.com [omitted]
[warn] !  dataconnect: missing required API sqladmin.googleapis.com. Enabling now... 
[debug] [2025-10-22T07:42:34.400Z] Checked if tokens are valid: true, expires at: 1761122479707
[debug] [2025-10-22T07:42:34.400Z] Checked if tokens are valid: true, expires at: 1761122479707
[debug] [2025-10-22T07:42:34.401Z] >>> [apiv2][query] POST https://serviceusage.googleapis.com/v1/projects/sakshi-n8n-test/services/sqladmin.googleapis.com:enable [none]
[debug] [2025-10-22T07:42:34.401Z] >>> [apiv2][(partial)header] POST https://serviceusage.googleapis.com/v1/projects/sakshi-n8n-test/services/sqladmin.googleapis.com:enable x-goog-quota-user=projects/sakshi-n8n-test
[debug] [2025-10-22T07:42:34.457Z] <<< [apiv2][status] GET https://serviceusage.googleapis.com/v1/projects/sakshi-n8n-test/services/firebasedataconnect.googleapis.com 200
[debug] [2025-10-22T07:42:34.457Z] <<< [apiv2][body] GET https://serviceusage.googleapis.com/v1/projects/sakshi-n8n-test/services/firebasedataconnect.googleapis.com [omitted]
[warn] !  dataconnect: missing required API firebasedataconnect.googleapis.com. Enabling now... 
[debug] [2025-10-22T07:42:34.459Z] Checked if tokens are valid: true, expires at: 1761122479707
[debug] [2025-10-22T07:42:34.459Z] Checked if tokens are valid: true, expires at: 1761122479707
[debug] [2025-10-22T07:42:34.459Z] >>> [apiv2][query] POST https://serviceusage.googleapis.com/v1/projects/sakshi-n8n-test/services/firebasedataconnect.googleapis.com:enable [none]
[debug] [2025-10-22T07:42:34.460Z] >>> [apiv2][(partial)header] POST https://serviceusage.googleapis.com/v1/projects/sakshi-n8n-test/services/firebasedataconnect.googleapis.com:enable x-goog-quota-user=projects/sakshi-n8n-test
[debug] [2025-10-22T07:42:36.261Z] <<< [apiv2][status] POST https://serviceusage.googleapis.com/v1/projects/sakshi-n8n-test/services/sqladmin.googleapis.com:enable 200
[debug] [2025-10-22T07:42:36.261Z] <<< [apiv2][body] POST https://serviceusage.googleapis.com/v1/projects/sakshi-n8n-test/services/sqladmin.googleapis.com:enable [omitted]
[debug] [2025-10-22T07:42:36.327Z] <<< [apiv2][status] POST https://serviceusage.googleapis.com/v1/projects/sakshi-n8n-test/services/firebasedataconnect.googleapis.com:enable 200
[debug] [2025-10-22T07:42:36.327Z] <<< [apiv2][body] POST https://serviceusage.googleapis.com/v1/projects/sakshi-n8n-test/services/firebasedataconnect.googleapis.com:enable [omitted]
